<?xml version="1.0" encoding="UTF-8"?>
<!-- Generated by org.testng.reporters.JUnitReportReporter -->
<testsuite hostname="BLT1031" name="Com.Test.BMW_Test" tests="1" failures="0" timestamp="11 Mar 2020 09:09:13 GMT" time="34.479" errors="0">
  <testcase name="test" time="34.479" classname="Com.Test.BMW_Test"/>
</testsuite> <!-- Com.Test.BMW_Test -->
